<?xml version="1.0" encoding="UTF-8"?>
<testng-results ignored="0" total="7" passed="6" failed="1" skipped="0">
  <reporter-output>
  </reporter-output>
  <suite started-at="2026-04-15T13:00:36 IST" name="Default suite" finished-at="2026-04-15T13:00:44 IST" duration-ms="8809">
    <groups>
    </groups>
    <test started-at="2026-04-15T13:00:36 IST" name="Default test" finished-at="2026-04-15T13:00:44 IST" duration-ms="8809">
      <class name="seleniumCourse.ExceptionTest">
        <test-method signature="testElementNotInteractableException()[pri:0, instance:seleniumCourse.ExceptionTest@2631f68c]" started-at="2026-04-15T13:00:36 IST" name="testElementNotInteractableException" finished-at="2026-04-15T13:00:38 IST" duration-ms="1910" status="PASS">
          <reporter-output>
          </reporter-output>
        </test-method> <!-- testElementNotInteractableException -->
        <test-method signature="testInvalidSelectorException()[pri:0, instance:seleniumCourse.ExceptionTest@2631f68c]" started-at="2026-04-15T13:00:38 IST" name="testInvalidSelectorException" finished-at="2026-04-15T13:00:40 IST" duration-ms="1883" status="PASS">
          <reporter-output>
          </reporter-output>
        </test-method> <!-- testInvalidSelectorException -->
        <test-method signature="testNoAlertPresentException()[pri:0, instance:seleniumCourse.ExceptionTest@2631f68c]" started-at="2026-04-15T13:00:40 IST" name="testNoAlertPresentException" finished-at="2026-04-15T13:00:41 IST" duration-ms="1154" status="PASS">
          <reporter-output>
          </reporter-output>
        </test-method> <!-- testNoAlertPresentException -->
        <test-method signature="testNoSuchElementException()[pri:0, instance:seleniumCourse.ExceptionTest@2631f68c]" started-at="2026-04-15T13:00:41 IST" name="testNoSuchElementException" finished-at="2026-04-15T13:00:42 IST" duration-ms="883" status="PASS">
          <reporter-output>
          </reporter-output>
        </test-method> <!-- testNoSuchElementException -->
        <test-method signature="testNoSuchElementException2()[pri:0, instance:seleniumCourse.ExceptionTest@2631f68c]" started-at="2026-04-15T13:00:42 IST" name="testNoSuchElementException2" finished-at="2026-04-15T13:00:43 IST" duration-ms="1401" status="PASS">
          <reporter-output>
          </reporter-output>
        </test-method> <!-- testNoSuchElementException2 -->
        <test-method signature="testNoSuchSessionException()[pri:0, instance:seleniumCourse.ExceptionTest@2631f68c]" started-at="2026-04-15T13:00:43 IST" name="testNoSuchSessionException" finished-at="2026-04-15T13:00:44 IST" duration-ms="1268" status="PASS">
          <reporter-output>
          </reporter-output>
        </test-method> <!-- testNoSuchSessionException -->
        <test-method signature="testStaleElementReferenceException()[pri:0, instance:seleniumCourse.ExceptionTest@2631f68c]" started-at="2026-04-15T13:00:44 IST" name="testStaleElementReferenceException" finished-at="2026-04-15T13:00:44 IST" duration-ms="25" status="FAIL">
          <exception class="org.openqa.selenium.NoSuchSessionException">
            <message>
              <![CDATA[Session ID is null. Using WebDriver after calling quit()?
Build info: version: '4.36.0', revision: '6d115cfd87'
System info: os.name: 'Mac OS X', os.arch: 'x86_64', os.version: '12.7.6', java.version: '25'
Driver info: org.openqa.selenium.chrome.ChromeDriver
Command: [null, get {url=https://www.google.com/}]
Capabilities {acceptInsecureCerts: false, browserName: chrome, browserVersion: 147.0.7727.56, chrome: {chromedriverVersion: 147.0.7727.56 (b28eac7a1a97..., userDataDir: /var/folders/vy/cb3vy27j485...}, fedcm:accounts: true, goog:chromeOptions: {debuggerAddress: localhost:50228}, goog:processID: 3023, networkConnectionEnabled: false, pageLoadStrategy: normal, platformName: mac, proxy: Proxy(), se:cdp: ws://localhost:50228/devtoo..., se:cdpVersion: 147.0.7727.56, setWindowRect: true, strictFileInteractability: false, timeouts: {implicit: 0, pageLoad: 300000, script: 30000}, unhandledPromptBehavior: dismiss and notify, webauthn:extension:credBlob: true, webauthn:extension:largeBlob: true, webauthn:extension:minPinLength: true, webauthn:extension:prf: true, webauthn:virtualAuthenticators: true}]]>
            </message>
            <full-stacktrace>
              <![CDATA[org.openqa.selenium.NoSuchSessionException: Session ID is null. Using WebDriver after calling quit()?
Build info: version: '4.36.0', revision: '6d115cfd87'
System info: os.name: 'Mac OS X', os.arch: 'x86_64', os.version: '12.7.6', java.version: '25'
Driver info: org.openqa.selenium.chrome.ChromeDriver
Command: [null, get {url=https://www.google.com/}]
Capabilities {acceptInsecureCerts: false, browserName: chrome, browserVersion: 147.0.7727.56, chrome: {chromedriverVersion: 147.0.7727.56 (b28eac7a1a97..., userDataDir: /var/folders/vy/cb3vy27j485...}, fedcm:accounts: true, goog:chromeOptions: {debuggerAddress: localhost:50228}, goog:processID: 3023, networkConnectionEnabled: false, pageLoadStrategy: normal, platformName: mac, proxy: Proxy(), se:cdp: ws://localhost:50228/devtoo..., se:cdpVersion: 147.0.7727.56, setWindowRect: true, strictFileInteractability: false, timeouts: {implicit: 0, pageLoad: 300000, script: 30000}, unhandledPromptBehavior: dismiss and notify, webauthn:extension:credBlob: true, webauthn:extension:largeBlob: true, webauthn:extension:minPinLength: true, webauthn:extension:prf: true, webauthn:virtualAuthenticators: true}
at org.openqa.selenium.remote.HttpCommandExecutor.execute(HttpCommandExecutor.java:176)
at org.openqa.selenium.remote.service.DriverCommandExecutor.invokeExecute(DriverCommandExecutor.java:216)
at org.openqa.selenium.remote.service.DriverCommandExecutor.execute(DriverCommandExecutor.java:174)
at org.openqa.selenium.remote.RemoteWebDriver.execute(RemoteWebDriver.java:557)
at org.openqa.selenium.remote.RemoteWebDriver.get(RemoteWebDriver.java:325)
at seleniumCourse.ExceptionTest.testStaleElementReferenceException(ExceptionTest.java:93)
at java.base/jdk.internal.reflect.DirectMethodHandleAccessor.invoke(DirectMethodHandleAccessor.java:104)
at java.base/java.lang.reflect.Method.invoke(Method.java:565)
at org.testng.internal.invokers.MethodInvocationHelper.invokeMethod(MethodInvocationHelper.java:141)
at org.testng.internal.invokers.TestInvoker.invokeMethod(TestInvoker.java:687)
at org.testng.internal.invokers.TestInvoker.invokeTestMethod(TestInvoker.java:230)
at org.testng.internal.invokers.MethodRunner.runInSequence(MethodRunner.java:63)
at org.testng.internal.invokers.TestInvoker$MethodInvocationAgent.invoke(TestInvoker.java:995)
at org.testng.internal.invokers.TestInvoker.invokeTestMethods(TestInvoker.java:203)
at org.testng.internal.invokers.TestMethodWorker.invokeTestMethods(TestMethodWorker.java:154)
at org.testng.internal.invokers.TestMethodWorker.run(TestMethodWorker.java:134)
at java.base/java.util.ArrayList.forEach(ArrayList.java:1604)
at org.testng.TestRunner.privateRun(TestRunner.java:741)
at org.testng.TestRunner.run(TestRunner.java:616)
at org.testng.SuiteRunner.runTest(SuiteRunner.java:421)
at org.testng.SuiteRunner.runSequentially(SuiteRunner.java:413)
at org.testng.SuiteRunner.privateRun(SuiteRunner.java:373)
at org.testng.SuiteRunner.run(SuiteRunner.java:312)
at org.testng.SuiteRunnerWorker.runSuite(SuiteRunnerWorker.java:52)
at org.testng.SuiteRunnerWorker.run(SuiteRunnerWorker.java:95)
at org.testng.TestNG.runSuitesSequentially(TestNG.java:1274)
at org.testng.TestNG.runSuitesLocally(TestNG.java:1208)
at org.testng.TestNG.runSuites(TestNG.java:1112)
at org.testng.TestNG.run(TestNG.java:1079)
at org.testng.remote.AbstractRemoteTestNG.run(AbstractRemoteTestNG.java:115)
at org.testng.remote.RemoteTestNG.initAndRun(RemoteTestNG.java:293)
at org.testng.remote.RemoteTestNG.main(RemoteTestNG.java:91)
]]>
            </full-stacktrace>
          </exception> <!-- org.openqa.selenium.NoSuchSessionException -->
          <reporter-output>
          </reporter-output>
        </test-method> <!-- testStaleElementReferenceException -->
      </class> <!-- seleniumCourse.ExceptionTest -->
    </test> <!-- Default test -->
  </suite> <!-- Default suite -->
</testng-results>
